<?xml version="1.0" encoding="UTF-8"?>
<!-- Generated by org.testng.reporters.JUnitReportReporter -->
<testsuite skipped="0" hostname="LAPTOP-JF89UMLV" name="Testcases.LoginPageTest" tests="2" failures="0" timestamp="2021-05-16T00:09:15 IST" time="3.487" errors="0">
  <testcase name="loginPageTitleTest" time="0.016" classname="Testcases.LoginPageTest"/>
  <system-out/>
  <testcase name="loginTest" time="3.471" classname="Testcases.LoginPageTest"/>
  <system-out/>
</testsuite> <!-- Testcases.LoginPageTest -->
