<?xml version="1.0" encoding="UTF-8"?>
<!-- Generated by org.testng.reporters.JUnitReportReporter -->
<testsuite skipped="0" hostname="LAPTOP-JF89UMLV" name="Testcases.HomePageTest" tests="1" failures="0" timestamp="2021-05-16T10:45:53 IST" time="38.250" errors="0">
  <testcase name="clickLHSNameTest" time="38.250" classname="Testcases.HomePageTest"/>
  <system-out/>
</testsuite> <!-- Testcases.HomePageTest -->
